GROUP,PACKAGE,CLASS,INSTRUCTION_MISSED,INSTRUCTION_COVERED,BRANCH_MISSED,BRANCH_COVERED,LINE_MISSED,LINE_COVERED,COMPLEXITY_MISSED,COMPLEXITY_COVERED,METHOD_MISSED,METHOD_COVERED
numwordconvert,com.rajiv.num.word.converter.constant,NumToWordConstant,0,127,0,0,0,2,0,1,0,1
numwordconvert,com.rajiv.num.word.converter,NumberToWord,60,118,5,9,7,20,5,5,0,3
numwordconvert,com.rajiv.num.word.converter,NumberToWordConverter,95,0,6,0,26,0,6,0,3,0
numwordconvert,com.rajiv.num.word.converter.exception,NumberOutOfRangeException,4,0,0,0,2,0,1,0,1,0
